<?xml version="1.0" encoding="UTF-8"?>
<testsuite xmlns:xsi="http://www.w3.org/2001/XMLSchema-instance" xsi:noNamespaceSchemaLocation="https://maven.apache.org/surefire/maven-surefire-plugin/xsd/surefire-test-report-3.0.xsd" version="3.0" name="de.gothaer.gui.presenter.Euro2DollarPresenterImplTest" time="1.938" tests="12" errors="0" skipped="0" failures="0">
  <properties>
    <property name="sun.desktop" value="windows"/>
    <property name="awt.toolkit" value="sun.awt.windows.WToolkit"/>
    <property name="java.specification.version" value="11"/>
    <property name="sun.cpu.isalist" value="amd64"/>
    <property name="sun.jnu.encoding" value="Cp1252"/>
    <property name="java.class.path" value="C:\Users\JoachimWagner\Documents\git\gothaer\tdd\gothaer-tdd-juni-2025\Tag3_01EuroToDollar\target\test-classes;C:\Users\JoachimWagner\Documents\git\gothaer\tdd\gothaer-tdd-juni-2025\Tag3_01EuroToDollar\target\classes;C:\Users\JoachimWagner\.m2\repository\org\junit\jupiter\junit-jupiter-engine\5.9.2\junit-jupiter-engine-5.9.2.jar;C:\Users\JoachimWagner\.m2\repository\org\junit\platform\junit-platform-engine\1.9.2\junit-platform-engine-1.9.2.jar;C:\Users\JoachimWagner\.m2\repository\org\opentest4j\opentest4j\1.2.0\opentest4j-1.2.0.jar;C:\Users\JoachimWagner\.m2\repository\org\junit\platform\junit-platform-commons\1.9.2\junit-platform-commons-1.9.2.jar;C:\Users\JoachimWagner\.m2\repository\org\junit\jupiter\junit-jupiter-api\5.9.2\junit-jupiter-api-5.9.2.jar;C:\Users\JoachimWagner\.m2\repository\org\apiguardian\apiguardian-api\1.1.2\apiguardian-api-1.1.2.jar;C:\Users\JoachimWagner\.m2\repository\org\junit\jupiter\junit-jupiter-params\5.9.2\junit-jupiter-params-5.9.2.jar;C:\Users\JoachimWagner\.m2\repository\org\assertj\assertj-core\3.24.2\assertj-core-3.24.2.jar;C:\Users\JoachimWagner\.m2\repository\net\bytebuddy\byte-buddy\1.12.21\byte-buddy-1.12.21.jar;C:\Users\JoachimWagner\.m2\repository\org\mockito\mockito-core\5.2.0\mockito-core-5.2.0.jar;C:\Users\JoachimWagner\.m2\repository\net\bytebuddy\byte-buddy-agent\1.14.1\byte-buddy-agent-1.14.1.jar;C:\Users\JoachimWagner\.m2\repository\org\objenesis\objenesis\3.3\objenesis-3.3.jar;C:\Users\JoachimWagner\.m2\repository\org\mockito\mockito-junit-jupiter\5.2.0\mockito-junit-jupiter-5.2.0.jar;C:\Users\JoachimWagner\.m2\repository\org\projectlombok\lombok\1.18.30\lombok-1.18.30.jar;"/>
    <property name="java.vm.vendor" value="Oracle Corporation"/>
    <property name="sun.arch.data.model" value="64"/>
    <property name="user.variant" value=""/>
    <property name="java.vendor.url" value="https://openjdk.java.net/"/>
    <property name="user.timezone" value="Europe/Berlin"/>
    <property name="java.vm.specification.version" value="11"/>
    <property name="os.name" value="Windows 11"/>
    <property name="sun.java.launcher" value="SUN_STANDARD"/>
    <property name="user.country" value="DE"/>
    <property name="sun.boot.library.path" value="C:\Program Files\Java\jdk-11.0.22\bin"/>
    <property name="sun.java.command" value="C:\Users\JoachimWagner\AppData\Local\Temp\surefire3958322793124747551\surefirebooter-20250604165345956_3.jar C:\Users\JoachimWagner\AppData\Local\Temp\surefire3958322793124747551 2025-06-04T16-53-45_185-jvmRun1 surefire-20250604165345956_1tmp surefire_0-20250604165345956_2tmp"/>
    <property name="jdk.debug" value="release"/>
    <property name="surefire.test.class.path" value="C:\Users\JoachimWagner\Documents\git\gothaer\tdd\gothaer-tdd-juni-2025\Tag3_01EuroToDollar\target\test-classes;C:\Users\JoachimWagner\Documents\git\gothaer\tdd\gothaer-tdd-juni-2025\Tag3_01EuroToDollar\target\classes;C:\Users\JoachimWagner\.m2\repository\org\junit\jupiter\junit-jupiter-engine\5.9.2\junit-jupiter-engine-5.9.2.jar;C:\Users\JoachimWagner\.m2\repository\org\junit\platform\junit-platform-engine\1.9.2\junit-platform-engine-1.9.2.jar;C:\Users\JoachimWagner\.m2\repository\org\opentest4j\opentest4j\1.2.0\opentest4j-1.2.0.jar;C:\Users\JoachimWagner\.m2\repository\org\junit\platform\junit-platform-commons\1.9.2\junit-platform-commons-1.9.2.jar;C:\Users\JoachimWagner\.m2\repository\org\junit\jupiter\junit-jupiter-api\5.9.2\junit-jupiter-api-5.9.2.jar;C:\Users\JoachimWagner\.m2\repository\org\apiguardian\apiguardian-api\1.1.2\apiguardian-api-1.1.2.jar;C:\Users\JoachimWagner\.m2\repository\org\junit\jupiter\junit-jupiter-params\5.9.2\junit-jupiter-params-5.9.2.jar;C:\Users\JoachimWagner\.m2\repository\org\assertj\assertj-core\3.24.2\assertj-core-3.24.2.jar;C:\Users\JoachimWagner\.m2\repository\net\bytebuddy\byte-buddy\1.12.21\byte-buddy-1.12.21.jar;C:\Users\JoachimWagner\.m2\repository\org\mockito\mockito-core\5.2.0\mockito-core-5.2.0.jar;C:\Users\JoachimWagner\.m2\repository\net\bytebuddy\byte-buddy-agent\1.14.1\byte-buddy-agent-1.14.1.jar;C:\Users\JoachimWagner\.m2\repository\org\objenesis\objenesis\3.3\objenesis-3.3.jar;C:\Users\JoachimWagner\.m2\repository\org\mockito\mockito-junit-jupiter\5.2.0\mockito-junit-jupiter-5.2.0.jar;C:\Users\JoachimWagner\.m2\repository\org\projectlombok\lombok\1.18.30\lombok-1.18.30.jar;"/>
    <property name="sun.cpu.endian" value="little"/>
    <property name="user.home" value="C:\Users\JoachimWagner"/>
    <property name="user.language" value="de"/>
    <property name="java.specification.vendor" value="Oracle Corporation"/>
    <property name="java.version.date" value="2024-01-16"/>
    <property name="java.home" value="C:\Program Files\Java\jdk-11.0.22"/>
    <property name="file.separator" value="\"/>
    <property name="basedir" value="C:\Users\JoachimWagner\Documents\git\gothaer\tdd\gothaer-tdd-juni-2025\Tag3_01EuroToDollar"/>
    <property name="java.vm.compressedOopsMode" value="Zero based"/>
    <property name="line.separator" value="&#10;"/>
    <property name="java.specification.name" value="Java Platform API Specification"/>
    <property name="java.vm.specification.vendor" value="Oracle Corporation"/>
    <property name="java.awt.graphicsenv" value="sun.awt.Win32GraphicsEnvironment"/>
    <property name="surefire.real.class.path" value="C:\Users\JoachimWagner\AppData\Local\Temp\surefire3958322793124747551\surefirebooter-20250604165345956_3.jar"/>
    <property name="user.script" value=""/>
    <property name="sun.management.compiler" value="HotSpot 64-Bit Tiered Compilers"/>
    <property name="java.runtime.version" value="11.0.22+9-LTS-219"/>
    <property name="user.name" value="JoachimWagner"/>
    <property name="path.separator" value=";"/>
    <property name="os.version" value="10.0"/>
    <property name="java.runtime.name" value="Java(TM) SE Runtime Environment"/>
    <property name="file.encoding" value="Cp1252"/>
    <property name="java.vm.name" value="Java HotSpot(TM) 64-Bit Server VM"/>
    <property name="java.vendor.version" value="18.9"/>
    <property name="localRepository" value="C:\Users\JoachimWagner\.m2\repository"/>
    <property name="java.vendor.url.bug" value="https://bugreport.java.com/bugreport/"/>
    <property name="java.io.tmpdir" value="C:\Users\JOACHI~1\AppData\Local\Temp\"/>
    <property name="idea.version" value="2025.1.1.1"/>
    <property name="java.version" value="11.0.22"/>
    <property name="user.dir" value="C:\Users\JoachimWagner\Documents\git\gothaer\tdd\gothaer-tdd-juni-2025\Tag3_01EuroToDollar"/>
    <property name="os.arch" value="amd64"/>
    <property name="java.vm.specification.name" value="Java Virtual Machine Specification"/>
    <property name="java.awt.printerjob" value="sun.awt.windows.WPrinterJob"/>
    <property name="sun.os.patch.level" value=""/>
    <property name="java.library.path" value="C:\Program Files\Java\jdk-11.0.22\bin;C:\WINDOWS\Sun\Java\bin;C:\WINDOWS\system32;C:\WINDOWS;C:\Program Files\Pico Technology\SDK\lib\;C:\Program Files\Common Files\Oracle\Java\javapath;C:\WINDOWS\system32;C:\WINDOWS;C:\WINDOWS\System32\Wbem;C:\WINDOWS\System32\WindowsPowerShell\v1.0\;C:\WINDOWS\System32\OpenSSH\;C:\Program Files\dotnet\;C:\Program Files (x86)\NVIDIA Corporation\PhysX\Common;C:\Program Files\NVIDIA Corporation\NVIDIA NvDLISR;C:\Program Files\Docker\Docker\resources\bin;C:\applications\Qt\6.8.2\mingw_64\bin;C:\applications\Qt\Tools\mingw1310_64\bin;C:\Program Files (x86)\Microsoft SQL Server\160\Tools\Binn\;C:\Program Files\Microsoft SQL Server\160\Tools\Binn\;C:\Program Files\Microsoft SQL Server\Client SDK\ODBC\170\Tools\Binn\;C:\Program Files\Microsoft SQL Server\160\DTS\Binn\;C:\Program Files (x86)\Microsoft SQL Server\160\DTS\Binn\;C:\Program Files\Microsoft SQL Server\150\Tools\Binn\;C:\Program Files (x86)\Windows Kits\10\Windows Performance Toolkit\;C:\Program Files\PuTTY\;C:\applications\apache\apache-maven-3.9.9\bin;C:\Program Files\nodejs\;C:\Program Files\Git\cmd;C:\Program Files\CMake\bin;C:\Program Files\TortoiseGit\bin;C:\Users\JoachimWagner\AppData\Local\Programs\Python\Python312\Scripts\;C:\Users\JoachimWagner\AppData\Local\Programs\Python\Python312\;C:\Users\JoachimWagner\AppData\Local\Microsoft\WindowsApps;C:\Program Files\JetBrains\CLion 2024.1\bin;;C:\Program Files\JetBrains\IntelliJ IDEA 2024.1\bin;;C:\Program Files\JetBrains\PyCharm 2024.1\bin;;C:\Users\JoachimWagner\AppData\Local\Programs\Microsoft VS Code\bin;C:\Users\JoachimWagner\AppData\Local\Microsoft\WinGet\Links;C:\Users\JoachimWagner\AppData\Roaming\npm;C:\Users\JoachimWagner\.dotnet\tools;C:\Program Files\JetBrains\JetBrains Rider 2024.2.7\bin;;;."/>
    <property name="java.vendor" value="Oracle Corporation"/>
    <property name="java.vm.info" value="mixed mode"/>
    <property name="java.vm.version" value="11.0.22+9-LTS-219"/>
    <property name="java.specification.maintenance.version" value="2"/>
    <property name="sun.io.unicode.encoding" value="UnicodeLittle"/>
    <property name="java.class.version" value="55.0"/>
  </properties>
  <testcase name="onRechnen_HappyDay_CalculatedDollarValuePassedToDollarField" classname="de.gothaer.gui.presenter.Euro2DollarPresenterImplTest" time="1.804"/>
  <testcase name="onRechnen_NullValueInEuroField_ErrorMessageInDollarField" classname="de.gothaer.gui.presenter.Euro2DollarPresenterImplTest" time="0.005"/>
  <testcase name="onRechnen_UnexpectedRuntimeExceptionInUnderlyingService_ErrorMessageInDollarField" classname="de.gothaer.gui.presenter.Euro2DollarPresenterImplTest" time="0.004"/>
  <testcase name="updateRechnenActionState(String, boolean)[1]" classname="de.gothaer.gui.presenter.Euro2DollarPresenterImplTest" time="0.018"/>
  <testcase name="updateRechnenActionState(String, boolean)[2]" classname="de.gothaer.gui.presenter.Euro2DollarPresenterImplTest" time="0.003"/>
  <testcase name="updateRechnenActionState(String, boolean)[3]" classname="de.gothaer.gui.presenter.Euro2DollarPresenterImplTest" time="0.004"/>
  <testcase name="updateRechnenActionState(String, boolean)[4]" classname="de.gothaer.gui.presenter.Euro2DollarPresenterImplTest" time="0.002"/>
  <testcase name="onRechnen_NANInEuroField_ErrorMessageInDollarField" classname="de.gothaer.gui.presenter.Euro2DollarPresenterImplTest" time="0.003"/>
  <testcase name="populateItems_HappyDay_MaskInitialized" classname="de.gothaer.gui.presenter.Euro2DollarPresenterImplTest" time="0.006"/>
  <testcase name="onRechnen_ValidEuroValue_EuroValuePassedToModel" classname="de.gothaer.gui.presenter.Euro2DollarPresenterImplTest" time="0.002"/>
  <testcase name="onRechnen_EmptyStringInEuroField_ErrorMessageInDollarField" classname="de.gothaer.gui.presenter.Euro2DollarPresenterImplTest" time="0.001"/>
  <testcase name="onBeenden_HappyDay_CallsCloseOnView" classname="de.gothaer.gui.presenter.Euro2DollarPresenterImplTest" time="0.002"/>
</testsuite>